<?xml version="1.0" encoding="UTF-8"?>
<!-- Generated by org.testng.reporters.JUnitXMLReporter -->
<testsuite hostname="Riyas-MacBook-Pro.local" name="Default test" tests="3" failures="0" timestamp="11 Jun 2021 05:11:59 GMT" time="41.689" errors="0">
  <testcase name="BlankValues_LogIn" time="1.344" classname="TestCases.LogIn_Test"/>
  <testcase name="InvalidUser_LogIn" time="0.869" classname="TestCases.LogIn_Test"/>
  <testcase name="UserLogIn_Actions" time="2.058" classname="TestCases.LogIn_Test"/>
</testsuite> <!-- Default test -->
