<?xml version="1.0" encoding="UTF-8"?>
<!-- Generated by org.testng.reporters.JUnitXMLReporter -->
<testsuite hostname="Riyas-MacBook-Pro.local" name="test" tests="3" failures="0" timestamp="11 Jun 2021 05:54:09 GMT" time="31.077" errors="0">
  <testcase name="BlankValues_LogIn" time="1.066" classname="TestCases.LogIn_Test"/>
  <testcase name="InvalidUser_LogIn" time="1.517" classname="TestCases.LogIn_Test"/>
  <testcase name="UserLogIn_Actions" time="1.705" classname="TestCases.LogIn_Test"/>
</testsuite> <!-- test -->
